<?xml version="1.0" encoding="UTF-8"?>
<!-- Generated by org.testng.reporters.JUnitReportReporter -->
<testsuite skipped="1" hostname="Harmeet-PC" name="com.TestNGListeners.ListnerDemo" tests="4" failures="0" timestamp="2021-03-24T04:43:09 IST" time="20.604" errors="0">
  <testcase name="test1" time="0.002" classname="com.TestNGListeners.ListnerDemo"/>
  <system-out/>
  <testcase name="test3" time="0.032" classname="com.TestNGListeners.ListnerDemo">
    <skipped/>
  </testcase> <!-- test3 -->
  <system-out/>
  <testcase name="test2" time="20.556" classname="com.TestNGListeners.ListnerDemo"/>
  <system-out/>
  <testcase name="ArrayMulti" time="0.014" classname="com.TestNGListeners.ListnerDemo"/>
  <system-out/>
</testsuite> <!-- com.TestNGListeners.ListnerDemo -->
