<?xml version="1.0" encoding="UTF-8"?>
<!-- Generated by org.testng.reporters.JUnitReportReporter -->
<testsuite skipped="0" hostname="Harmeet-PC" name="net.IdeTest.TestNGMultipleBrowsers" tests="2" failures="0" timestamp="2021-04-06T18:50:44 IST" time="11.242" errors="0">
  <testcase name="test1" time="6.028" classname="net.IdeTest.TestNGMultipleBrowsers"/>
  <system-out/>
  <testcase name="test1" time="5.214" classname="net.IdeTest.TestNGMultipleBrowsers"/>
  <system-out/>
</testsuite> <!-- net.IdeTest.TestNGMultipleBrowsers -->
