<?xml version="1.0" encoding="UTF-8"?>
<!-- Generated by org.testng.reporters.JUnitReportReporter -->
<testsuite skipped="0" hostname="Harmeet-PC" name="selenium_demo.HeadlessDemo" tests="1" failures="0" timestamp="22 Jan 2020 15:49:31 GMT" time="11.611" errors="0">
  <testcase name="test" time="11.611" classname="selenium_demo.HeadlessDemo"/>
</testsuite> <!-- selenium_demo.HeadlessDemo -->
