<?xml version="1.0" encoding="UTF-8"?>
<!-- Generated by org.testng.reporters.JUnitReportReporter -->
<testsuite skipped="0" hostname="Harmeet-PC" name="com.AutoIT.AutoITDemo" tests="1" failures="0" timestamp="27 Nov 2019 09:54:04 GMT" time="23.534" errors="0">
  <testcase name="test" time="23.534" classname="com.AutoIT.AutoITDemo"/>
</testsuite> <!-- com.AutoIT.AutoITDemo -->
