<?xml version="1.0" encoding="UTF-8"?>
<!-- Generated by org.testng.reporters.JUnitReportReporter -->
<testsuite skipped="0" hostname="Harmeet-PC" name="TestNGSample.TestNGDependencies" tests="4" failures="0" timestamp="2021-02-16T19:40:55 IST" time="0.000" errors="0">
  <testcase name="test01" time="0.000" classname="TestNGSample.TestNGDependencies"/>
  <system-out/>
  <testcase name="test04" time="0.000" classname="TestNGSample.TestNGDependencies"/>
  <system-out/>
  <testcase name="test02" time="0.000" classname="TestNGSample.TestNGDependencies"/>
  <system-out/>
  <testcase name="test03" time="0.000" classname="TestNGSample.TestNGDependencies"/>
  <system-out/>
</testsuite> <!-- TestNGSample.TestNGDependencies -->
