<?xml version="1.0" encoding="UTF-8"?>
<!-- Generated by org.testng.reporters.JUnitReportReporter -->
<testsuite skipped="0" hostname="Harmeet-PC" name="ecomwebsite.ExtentReportTestng" tests="2" failures="0" timestamp="2021-03-24T04:37:59 IST" time="5.008" errors="0">
  <testcase name="test02" time="1.809" classname="ecomwebsite.ExtentReportTestng"/>
  <system-out/>
  <testcase name="test01" time="3.199" classname="ecomwebsite.ExtentReportTestng"/>
  <system-out/>
</testsuite> <!-- ecomwebsite.ExtentReportTestng -->
