<?xml version="1.0" encoding="UTF-8"?>
<!-- Generated by org.testng.reporters.JUnitReportReporter -->
<testsuite skipped="1" hostname="Harmeet-PC" name="com.TestNGListeners.ListnerDemo" tests="4" failures="0" timestamp="2020-12-29T14:05:49 IST" time="14.579" errors="0">
  <testcase name="test3" time="0.008" classname="com.TestNGListeners.ListnerDemo">
    <skipped/>
  </testcase> <!-- test3 -->
  <system-out/>
  <testcase name="test1" time="0.000" classname="com.TestNGListeners.ListnerDemo"/>
  <system-out/>
  <testcase name="test2" time="14.563" classname="com.TestNGListeners.ListnerDemo"/>
  <system-out/>
  <testcase name="ArrayMulti" time="0.008" classname="com.TestNGListeners.ListnerDemo"/>
  <system-out/>
</testsuite> <!-- com.TestNGListeners.ListnerDemo -->
