<?xml version="1.0" encoding="UTF-8"?>
<!-- Generated by org.testng.reporters.JUnitReportReporter -->
<testsuite skipped="0" hostname="Harmeet-PC" name="com.ecomb2c.SearchItem" tests="1" failures="0" timestamp="18 Sep 2019 09:17:33 GMT" time="42.374" errors="0">
  <testcase name="searchItem" time="42.374" classname="com.ecomb2c.SearchItem"/>
</testsuite> <!-- com.ecomb2c.SearchItem -->
