<?xml version="1.0" encoding="UTF-8"?>
<!-- Generated by org.testng.reporters.JUnitReportReporter -->
<testsuite skipped="0" hostname="Harmeet-PC" name="ecomwebsite.TestPageData" tests="2" failures="0" timestamp="06 Mar 2020 11:17:00 GMT" time="15.095" errors="0">
  <testcase name="a_ecomwebsitesearch" time="6.038" classname="ecomwebsite.TestPageData"/>
  <testcase name="b_ecommwebsitesearch" time="9.057" classname="ecomwebsite.TestPageData"/>
</testsuite> <!-- ecomwebsite.TestPageData -->
