<?xml version="1.0" encoding="UTF-8"?>
<!-- Generated by org.testng.reporters.JUnitReportReporter -->
<testsuite skipped="0" hostname="Harmeet-PC" name="net.IdeTest.NewTestPreDemo" tests="3" failures="0" timestamp="11 Sep 2019 11:10:13 GMT" time="0.028" errors="0">
  <testcase name="A2" time="0.018" classname="net.IdeTest.NewTestPreDemo"/>
  <testcase name="t3" time="0.005" classname="net.IdeTest.NewTestPreDemo"/>
  <testcase name="t1" time="0.005" classname="net.IdeTest.NewTestPreDemo"/>
</testsuite> <!-- net.IdeTest.NewTestPreDemo -->
