<?xml version="1.0" encoding="UTF-8"?>
<!-- Generated by org.testng.reporters.JUnitReportReporter -->
<testsuite skipped="1" hostname="Harmeet-PC" name="com.TestNGListeners.ListnerWaitElement" tests="3" failures="0" timestamp="24 Jan 2020 10:43:25 GMT" time="35.650" errors="0">
  <testcase name="test9" time="0.005" classname="com.TestNGListeners.ListnerWaitElement">
    <skipped/>
  </testcase> <!-- test9 -->
  <testcase name="test6" time="21.267" classname="com.TestNGListeners.ListnerWaitElement"/>
  <testcase name="test7" time="14.378" classname="com.TestNGListeners.ListnerWaitElement"/>
</testsuite> <!-- com.TestNGListeners.ListnerWaitElement -->
