<?xml version="1.0" encoding="UTF-8"?>
<!-- Generated by org.testng.reporters.JUnitReportReporter -->
<testsuite skipped="0" hostname="Harmeet-PC" name="ExtentReportTestng" tests="2" failures="0" timestamp="28 Aug 2019 13:01:25 GMT" time="5.624" errors="0">
  <testcase name="test02" time="1.444" classname="ExtentReportTestng"/>
  <testcase name="test01" time="4.180" classname="ExtentReportTestng"/>
</testsuite> <!-- ExtentReportTestng -->
