<?xml version="1.0" encoding="UTF-8"?>
<!-- Generated by org.testng.reporters.JUnitReportReporter -->
<testsuite skipped="0" hostname="Harmeet-PC" name="pageObjects.Programing" tests="3" failures="0" timestamp="06 Mar 2020 14:47:38 GMT" time="8.029" errors="0">
  <testcase name="functionunders" time="0.015" classname="pageObjects.Programing"/>
  <testcase name="Loopcondition" time="8.008" classname="pageObjects.Programing"/>
  <testcase name="arrayloop" time="0.006" classname="pageObjects.Programing"/>
</testsuite> <!-- pageObjects.Programing -->
