<?xml version="1.0" encoding="UTF-8"?>
<!-- Generated by org.testng.reporters.JUnitReportReporter -->
<testsuite skipped="0" hostname="Harmeet-PC" name="ExtentReportTestng" tests="2" failures="0" timestamp="2021-03-24T04:34:57 IST" time="4.555" errors="0">
  <testcase name="test01" time="3.458" classname="ExtentReportTestng"/>
  <system-out/>
  <testcase name="test02" time="1.097" classname="ExtentReportTestng"/>
  <system-out/>
</testsuite> <!-- ExtentReportTestng -->
