<?xml version="1.0" encoding="UTF-8"?>
<!-- Generated by org.testng.reporters.JUnitReportReporter -->
<testsuite skipped="0" hostname="Harmeet-PC" name="com.extentReports.ExtentReportTestng" tests="2" failures="0" timestamp="2021-03-24T04:41:20 IST" time="7.096" errors="0">
  <testcase name="test02" time="2.451" classname="com.extentReports.ExtentReportTestng"/>
  <system-out/>
  <testcase name="test01" time="4.645" classname="com.extentReports.ExtentReportTestng"/>
  <system-out/>
</testsuite> <!-- com.extentReports.ExtentReportTestng -->
