<?xml version="1.0" encoding="UTF-8"?>
<!-- Generated by org.testng.reporters.JUnitReportReporter -->
<testsuite skipped="0" hostname="Harmeet-PC" name="test.TestNG_demo" tests="1" failures="0" timestamp="20 Aug 2019 08:57:36 GMT" time="9.544" errors="0">
  <testcase name="googleSearch" time="9.544" classname="test.TestNG_demo"/>
</testsuite> <!-- test.TestNG_demo -->
