<?xml version="1.0" encoding="UTF-8"?>
<!-- Generated by org.testng.reporters.JUnitReportReporter -->
<testsuite skipped="0" hostname="Harmeet-PC" name="net.IdeTest.TestNGParameter" tests="1" failures="0" timestamp="06 Mar 2020 20:19:59 GMT" time="0.020" errors="0">
  <testcase name="test" time="0.020" classname="net.IdeTest.TestNGParameter"/>
</testsuite> <!-- net.IdeTest.TestNGParameter -->
