<?xml version="1.0" encoding="UTF-8"?>
<!-- Generated by org.testng.reporters.JUnitReportReporter -->
<testsuite skipped="0" hostname="Harmeet-PC" name="com.AutoIT.AutoITDemo" tests="1" failures="0" timestamp="06 Mar 2020 10:41:12 GMT" time="35.934" errors="0">
  <testcase name="test" time="35.934" classname="com.AutoIT.AutoITDemo"/>
</testsuite> <!-- com.AutoIT.AutoITDemo -->
