<?xml version="1.0" encoding="UTF-8"?>
<!-- Generated by org.testng.reporters.JUnitReportReporter -->
<testsuite skipped="0" hostname="Harmeet-PC" name="net.IdeTest.NewTestPreDemo" tests="3" failures="0" timestamp="06 Mar 2020 20:24:49 GMT" time="0.055" errors="0">
  <testcase name="A2" time="0.038" classname="net.IdeTest.NewTestPreDemo"/>
  <testcase name="t3" time="0.009" classname="net.IdeTest.NewTestPreDemo"/>
  <testcase name="t1" time="0.008" classname="net.IdeTest.NewTestPreDemo"/>
</testsuite> <!-- net.IdeTest.NewTestPreDemo -->
