<?xml version="1.0" encoding="UTF-8"?>
<!-- Generated by org.testng.reporters.JUnitReportReporter -->
<testsuite skipped="0" hostname="Harmeet-PC" name="ecomwebsite.TestPageData2" tests="2" failures="0" timestamp="06 Mar 2020 11:21:07 GMT" time="16.513" errors="0">
  <testcase name="c_ecomwebsitesearch" time="8.158" classname="ecomwebsite.TestPageData2"/>
  <testcase name="d_ecommwebsitesearch" time="8.355" classname="ecomwebsite.TestPageData2"/>
</testsuite> <!-- ecomwebsite.TestPageData2 -->
