<?xml version="1.0" encoding="UTF-8"?>
<!-- Generated by org.testng.reporters.JUnitReportReporter -->
<testsuite skipped="1" hostname="Harmeet-PC" name="com.TestNGListeners.ListnerDemo" tests="4" failures="0" timestamp="2020-11-26T13:37:59 IST" time="13.213" errors="0">
  <testcase name="test1" time="0.003" classname="com.TestNGListeners.ListnerDemo"/>
  <system-out/>
  <testcase name="test3" time="0.005" classname="com.TestNGListeners.ListnerDemo">
    <skipped/>
  </testcase> <!-- test3 -->
  <system-out/>
  <testcase name="test2" time="13.186" classname="com.TestNGListeners.ListnerDemo"/>
  <system-out/>
  <testcase name="ArrayMulti" time="0.019" classname="com.TestNGListeners.ListnerDemo"/>
  <system-out/>
</testsuite> <!-- com.TestNGListeners.ListnerDemo -->
