<?xml version="1.0" encoding="UTF-8"?>
<!-- Generated by org.testng.reporters.JUnitReportReporter -->
<testsuite skipped="1" hostname="Harmeet-PC" name="com.TestNGListeners.ListnerWaitElement" tests="3" failures="0" timestamp="22 Jan 2020 06:15:48 GMT" time="44.059" errors="0">
  <testcase name="test9" time="0.007" classname="com.TestNGListeners.ListnerWaitElement">
    <skipped/>
  </testcase> <!-- test9 -->
  <testcase name="test6" time="27.648" classname="com.TestNGListeners.ListnerWaitElement"/>
  <testcase name="test7" time="16.404" classname="com.TestNGListeners.ListnerWaitElement"/>
</testsuite> <!-- com.TestNGListeners.ListnerWaitElement -->
