<?xml version="1.0" encoding="UTF-8"?>
<!-- Generated by org.testng.reporters.JUnitReportReporter -->
<testsuite skipped="0" hostname="Harmeet-PC" name="TestNGSample.ABtest" tests="1" failures="0" timestamp="2020-12-28T13:11:37 IST" time="14.402" errors="0">
  <testcase name="f" time="14.402" classname="TestNGSample.ABtest"/>
  <system-out/>
</testsuite> <!-- TestNGSample.ABtest -->
