<?xml version="1.0" encoding="UTF-8"?>
<!-- Generated by org.testng.reporters.JUnitReportReporter -->
<testsuite skipped="0" hostname="Harmeet-PC" name="ecomwebsite.TestPageData" tests="2" failures="0" timestamp="2021-04-06T18:43:30 IST" time="16.697" errors="0">
  <testcase name="a_ecomwebsitesearch" time="8.499" classname="ecomwebsite.TestPageData"/>
  <system-out/>
  <testcase name="b_ecommwebsitesearch" time="8.198" classname="ecomwebsite.TestPageData"/>
  <system-out/>
</testsuite> <!-- ecomwebsite.TestPageData -->
