<?xml version="1.0" encoding="UTF-8"?>
<!-- Generated by org.testng.reporters.JUnitReportReporter -->
<testsuite skipped="0" hostname="Harmeet-PC" name="selenium_demo.HeadlessDemo" tests="1" failures="0" timestamp="15 Nov 2019 11:09:04 GMT" time="13.935" errors="0">
  <testcase name="test" time="13.935" classname="selenium_demo.HeadlessDemo"/>
</testsuite> <!-- selenium_demo.HeadlessDemo -->
