<?xml version="1.0" encoding="UTF-8"?>
<!-- Generated by org.testng.reporters.JUnitReportReporter -->
<testsuite skipped="0" hostname="Harmeet-PC" name="pageObjects.Programing" tests="3" failures="0" timestamp="16 Jan 2020 12:20:46 GMT" time="8.033" errors="0">
  <testcase name="functionunders" time="0.021" classname="pageObjects.Programing"/>
  <testcase name="Loopcondition" time="8.009" classname="pageObjects.Programing"/>
  <testcase name="arrayloop" time="0.003" classname="pageObjects.Programing"/>
</testsuite> <!-- pageObjects.Programing -->
