<?xml version="1.0" encoding="UTF-8"?>
<!-- Generated by org.testng.reporters.JUnitReportReporter -->
<testsuite skipped="1" hostname="Harmeet-PC" name="com.TestNGListeners.ListnerWaitElement" tests="3" failures="0" timestamp="20 Dec 2019 09:33:12 GMT" time="12.045" errors="0">
  <testcase name="test6" time="0.016" classname="com.TestNGListeners.ListnerWaitElement"/>
  <testcase name="test9" time="0.008" classname="com.TestNGListeners.ListnerWaitElement">
    <skipped/>
  </testcase> <!-- test9 -->
  <testcase name="test7" time="12.021" classname="com.TestNGListeners.ListnerWaitElement"/>
</testsuite> <!-- com.TestNGListeners.ListnerWaitElement -->
