<?xml version="1.0" encoding="UTF-8"?>
<!-- Generated by org.testng.reporters.JUnitReportReporter -->
<testsuite skipped="0" hostname="Harmeet-PC" name="TestNGSample.TestNGDependencies" tests="4" failures="0" timestamp="2020-12-29T14:10:56 IST" time="0.032" errors="0">
  <testcase name="test04" time="0.016" classname="TestNGSample.TestNGDependencies"/>
  <system-out/>
  <testcase name="test01" time="0.000" classname="TestNGSample.TestNGDependencies"/>
  <system-out/>
  <testcase name="test02" time="0.008" classname="TestNGSample.TestNGDependencies"/>
  <system-out/>
  <testcase name="test03" time="0.008" classname="TestNGSample.TestNGDependencies"/>
  <system-out/>
</testsuite> <!-- TestNGSample.TestNGDependencies -->
