<?xml version="1.0" encoding="UTF-8"?>
<!-- Generated by org.testng.reporters.JUnitReportReporter -->
<testsuite skipped="0" hostname="Harmeet-PC" name="ecomwebsite.TestPageData" tests="2" failures="0" timestamp="10 Sep 2019 07:05:52 GMT" time="18.348" errors="0">
  <testcase name="a_ecomwebsitesearch" time="9.193" classname="ecomwebsite.TestPageData"/>
  <testcase name="b_ecommwebsitesearch" time="9.155" classname="ecomwebsite.TestPageData"/>
</testsuite> <!-- ecomwebsite.TestPageData -->
