<?xml version="1.0" encoding="UTF-8"?>
<!-- Generated by org.testng.reporters.JUnitReportReporter -->
<testsuite skipped="0" hostname="Harmeet-PC" name="ExtentReportTestng" tests="2" failures="0" timestamp="06 Mar 2020 10:58:17 GMT" time="5.503" errors="0">
  <testcase name="test02" time="1.449" classname="ExtentReportTestng"/>
  <testcase name="test01" time="4.054" classname="ExtentReportTestng"/>
</testsuite> <!-- ExtentReportTestng -->
