<?xml version="1.0" encoding="UTF-8"?>
<!-- Generated by org.testng.reporters.JUnitReportReporter -->
<testsuite skipped="0" hostname="Harmeet-PC" name="ecomwebsite.ExtentReportsDemo" tests="2" failures="0" timestamp="2021-03-23T22:59:43 IST" time="60.175" errors="0">
  <testcase name="Testcase02" time="41.133" classname="ecomwebsite.ExtentReportsDemo"/>
  <system-out/>
  <testcase name="Testcase01" time="19.042" classname="ecomwebsite.ExtentReportsDemo"/>
  <system-out/>
</testsuite> <!-- ecomwebsite.ExtentReportsDemo -->
