<?xml version="1.0" encoding="UTF-8"?>
<!-- Generated by org.testng.reporters.JUnitReportReporter -->
<testsuite skipped="0" hostname="Harmeet-PC" name="net.IdeTest.TestNGroupsDemo" tests="1" failures="0" timestamp="06 Mar 2020 20:38:28 GMT" time="0.021" errors="0">
  <testcase name="test01" time="0.021" classname="net.IdeTest.TestNGroupsDemo"/>
</testsuite> <!-- net.IdeTest.TestNGroupsDemo -->
