<?xml version="1.0" encoding="UTF-8"?>
<!-- Generated by org.testng.reporters.JUnitReportReporter -->
<testsuite skipped="1" hostname="Harmeet-PC" name="com.TestNGListeners.ListnerDemo" tests="3" failures="0" timestamp="05 Nov 2019 15:06:14 GMT" time="12.779" errors="0">
  <testcase name="test2" time="12.750" classname="com.TestNGListeners.ListnerDemo"/>
  <testcase name="test1" time="0.026" classname="com.TestNGListeners.ListnerDemo"/>
  <testcase name="test3" time="0.003" classname="com.TestNGListeners.ListnerDemo">
    <skipped/>
  </testcase> <!-- test3 -->
</testsuite> <!-- com.TestNGListeners.ListnerDemo -->
