<?xml version="1.0" encoding="UTF-8"?>
<!-- Generated by org.testng.reporters.JUnitReportReporter -->
<testsuite skipped="0" hostname="Harmeet-PC" name="TestNGSample.TestNGDependencies" tests="3" failures="0" timestamp="12 Sep 2019 11:04:52 GMT" time="0.000" errors="0">
  <testcase name="test01" time="0.000" classname="TestNGSample.TestNGDependencies"/>
  <testcase name="test02" time="0.000" classname="TestNGSample.TestNGDependencies"/>
  <testcase name="test03" time="0.000" classname="TestNGSample.TestNGDependencies"/>
</testsuite> <!-- TestNGSample.TestNGDependencies -->
